Unity Player [version: Unity 5.0.1f1_5a2e8fe35a68]

OculusPlugin.dll caused an Access Violation (0xc0000005)
  in module OculusPlugin.dll at 0023:5d181f36.

Error occurred at 2015-05-20_133052.
C:\Users\Brendan\Documents\GitHub\VirtualRealityProject\test.exe, run by Brendan.
51% memory in use.
0 MB physical memory [3797 MB free].
0 MB paging file [0 MB free].
0 MB user address space [3770 MB free].
Read from location 00000000 caused an access violation.

Context:
EDI:    0x0c051758  ESI: 0x00000000  EAX:   0x00000000
EBX:    0x094b8e51  ECX: 0x0a48dd18  EDX:   0x00000000
EIP:    0x5d181f36  EBP: 0x0046e83c  SegCs: 0x00000023
EFlags: 0x00010206  ESP: 0x0046e7d8  SegSs: 0x0000002b

Bytes at CS:EIP:
8b 00 89 41 08 c7 41 0c 08 00 00 00 c7 41 10 90 

Stack:
0x0046e7d8: fac87c07 007047dc 00000002 0c051758 .|...Gp.....X...
0x0046e7e8: 00000000 0a40b710 00000001 00000001 ......@.........
0x0046e7f8: 00000000 00000001 0000001c 00000000 ................
0x0046e808: 00000000 00000001 00000000 00000020 ............ ...
0x0046e818: 00000001 00000000 00000001 00000000 ................
0x0046e828: 00000002 fac87c07 0046e858 5d1c9134 .....|..X.F.4..]
0x0046e838: 00000000 0046e864 5d182d39 007047dc ....d.F.9-.].Gp.
0x0046e848: fac87c5f 00000002 007047dc 0c051758 _|.......Gp.X...
0x0046e858: 0046f7b8 5d1c9281 00000001 0046e874 ..F....]....t.F.
0x0046e868: 5d182ea6 0fffffff 0046e8b8 0046e8a4 ...]......F...F.
0x0046e878: 01568d86 007047dc 00000002 00000000 ..V..Gp.........
0x0046e888: 76db7b50 5d180000 5d180000 5d182e80 P{.v...]...]...]
0x0046e898: 5d182f90 00000000 00c1bf50 0046e8c4 ./.]....P.....F.
0x0046e8a8: 01568dc8 5d180000 0046e8b8 00c5cbc8 ..V....]..F.....
0x0046e8b8: 5d182e80 5d182f90 00000000 0046e954 ...]./.]....T.F.
0x0046e8c8: 01569256 10160871 094b8e52 094b8e51 V.V.q...R.K.Q.K.
0x0046e8d8: 6c756300 6c507375 6e696775 00000000 .culusPlugin....
0x0046e8e8: 00000000 0000000f 00000006 00000000 ................
0x0046e8f8: 00000000 00000030 10001e35 00000000 ....0...5.......
0x0046e908: 0000000f 00000001 00c89b00 00000000 ................
0x0046e918: 094b8e51 0046e934 00000000 0000000f Q.K.4.F.........
0x0046e928: 100396a6 6c75634f 6c507375 6e696775 ....OculusPlugin
0x0046e938: 10039600 0000000c 0000000f 00000040 ............@...
0x0046e948: 00c5cba0 00c1fe01 00c1fee0 0046e9b0 ..............F.
0x0046e958: 100399c0 094b8e51 101e8080 0952d860 ....Q.K.....`.R.
0x0046e968: 0952d840 10001e20 0952d840 101e8080 @.R. ...@.R.....
0x0046e978: 0046e9d0 0046e9d8 0952d840 0952d858 ..F...F.@.R.X.R.
0x0046e988: 094ba63f 0046e994 00000000 00000000 ?.K...F.........
0x0046e998: 094b8e51 00000200 000005d7 00007857 Q.K.........Wx..
0x0046e9a8: 00000002 b0e94f40 0046e9ec 1004847e ....@O....F.~...
0x0046e9b8: 0952d840 0046e9d0 0046e9d8 09474a10 @.R...F...F..JG.
0x0046e9c8: 0952d840 00000000 00000000 100387e7 @.R.............
0x0046e9d8: 00000000 00000001 0952d840 094ecb40 ........@.R.@.N.
0x0046e9e8: 094bfd8e 0046ed34 100cf867 0952d860 ..K.4.F.g...`.R.
0x0046e9f8: 00000001 00000000 00000000 0953cf60 ............`.S.
0x0046ea08: 09474a10 00000000 0046ea98 095884f0 .JG.......F...X.
0x0046ea18: 041000c0 000007ff 041043fc 00000016 .........C......
0x0046ea28: 04100000 00000285 09580540 00000002 ........@.X.....
0x0046ea38: 041044a8 000001b0 00000000 00000010 .D..............
0x0046ea48: 0000000f 773b2576 d790b633 095884e8 ....v%;w3.....X.
0x0046ea58: 04100000 095884f0 01580544 0958ba38 ......X.D.X.8.X.
0x0046ea68: 09527090 00000080 4d00024f 00000000 .pR.....O..M....
0x0046ea78: 02000002 00000285 095884e8 00000001 ..........X.....
0x0046ea88: a40012b6 0000000a 095884e8 095884f0 ..........X...X.
0x0046ea98: 0000024f 00000000 095456a8 0952d598 O........VT...R.
0x0046eaa8: 00000000 00100000 041f2ac8 00000000 .........*......
0x0046eab8: 00000000 00000000 000001cf 00000000 ................
0x0046eac8: 09545818 041f2ac8 00000000 00000001 .XT..*..........
0x0046ead8: 0000077f fffffffe 0952d840 0046ea00 ........@.R...F.
0x0046eae8: 09545668 00000000 00000000 09545748 hVT.........HWT.
0x0046eaf8: 00000000 0958ba30 00000285 00000000 ....0.X.........
0x0046eb08: 09580000 a40012b6 04100200 00000285 ..X.............
0x0046eb18: 000001cf 00000285 01000020 00000205 ........ .......
0x0046eb28: 04104398 04104398 095458b8 09584268 .C...C...XT.hBX.
0x0046eb38: 042098c8 000004d4 0046f7b8 774074a0 .. .......F..t@w
0x0046eb48: 00000000 00000000 0046eba0 773b1eaa ..........F...;w
0x0046eb58: 00000000 095884f0 09588500 04132530 ......X...X.0%..
0x0046eb68: 09527090 00000064 09527090 0046ebb4 .pR.d....pR...F.
0x0046eb78: 00000000 042098c8 00000006 00000319 ...... .........
0x0046eb88: 0046eb98 00000006 00000000 1001bcb1 ..F.............
0x0046eb98: 00000000 00000080 0046ebb4 1011091f ..........F.....
0x0046eba8: 04100000 00000000 095884f0 0046ed7c ..........X.|.F.
0x0046ebb8: 1001cc2d 042098c8 00000000 00000000 -..... .........
0x0046ebc8: 00000000 00000000 00000000 00000000 ................
0x0046ebd8: 00000000 09545818 00000000 00000000 .....XT.........
0x0046ebe8: 00000000 00000000 00000000 00000000 ................
0x0046ebf8: 00000000 094a5e8c 0952d828 060002eb .....^J.(.R.....
0x0046ec08: 0046ec14 09545978 042098c8 00000000 ..F.xYT... .....
0x0046ec18: 094a5e86 0952d598 042098c8 09545818 .^J...R... ..XT.
0x0046ec28: 00000000 0952d840 09474a10 094a5e81 ....@.R..JG..^J.
0x0046ec38: 09545978 00000000 10018d86 0952d808 xYT...........R.
0x0046ec48: 0952d808 00000000 00000000 09527090 ..R..........pR.
0x0046ec58: 0046ec64 10082eee 042098c8 0046ed88 d.F....... ...F.
0x0046ec68: 100503b8 042098c8 0046edcc 042098c8 ...... ...F... .
0x0046ec78: 00000018 0000000c 04100000 000002ba ................
0x0046ec88: 10050451 00000000 00000000 10019a82 Q...............
0x0046ec98: 009307d0 00000018 00000000 041a8c70 ............p...
0x0046eca8: 09580e80 00000190 00930000 00930000 ..X.............
0x0046ecb8: 09580e10 00000001 09580e6c 000002a5 ..X.....l.X.....
0x0046ecc8: 042098c8 009301c4 00000020 0952d828 .. ..... ...(.R.
0x0046ecd8: 042098c8 101e8080 0046ecec 10037078 .. .......F.xp..
0x0046ece8: 04209c38 0046ed0c 10037979 042098c8 8. ...F.yy.... .
0x0046ecf8: 041dee70 00000018 042098c8 094a5e80 p......... ..^J.
0x0046ed08: 0000002e 0046ed44 10055aed 042098c8 ....D.F..Z.... .
0x0046ed18: 00000008 042098c8 0952d598 101e8080 ...... ...R.....
0x0046ed28: 0046ed40 100eb169 b0e94bc4 0046edb8 @.F.i....K....F.
0x0046ed38: 100c5c32 09474a10 0952d598 095456a8 2\...JG...R..VT.
0x0046ed48: 09545748 09545668 09583e90 0953d640 HWT.hVT..>X.@.S.
0x0046ed58: 0000002f 00000000 0953c2e8 000000a0 /.........S.....
0x0046ed68: 0953c2e8 000000a0 00000000 09474a10 ..S..........JG.
0x0046ed78: 00000000 00000000 00000000 09527880 .............xR.
0x0046ed88: 0953ccb8 0953c5f8 0953c6c0 094a4f4c ..S...S...S.LOJ.
0x0046ed98: 00000120 0953c838 00000000 0000002f  ...8.S...../...
0x0046eda8: 00000000 09474a10 095456a8 09545748 .....JG..VT.HWT.
0x0046edb8: 0046f114 100d13be 09545668 0952d598 ..F.....hVT...R.
0x0046edc8: 0952d818 0953d640 094a4f7b 0000002f ..R.@.S.{OJ./...
0x0046edd8: 09583e90 00000000 00000000 09474a10 .>X..........JG.
0x0046ede8: 09527880 00c89b70 00c89b70 00c89b70 .xR.p...p...p...
0x0046edf8: 00c89b70 00c89b70 00c89b70 00c89b70 p...p...p...p...
0x0046ee08: 00c89b70 00c89b70 00c89b70 00c89b70 p...p...p...p...
0x0046ee18: 00c89b70 00c89b70 00c89b70 00c89b70 p...p...p...p...
0x0046ee28: 00c89b70 00c89b70 00c89b70 00c89b70 p...p...p...p...
0x0046ee38: 00c89b70 00c89b70 00c89b70 00c89b70 p...p...p...p...
0x0046ee48: 00c89b70 00c89b70 00c89b70 00c89b70 p...p...p...p...
0x0046ee58: 00c89b70 00c89b70 00c89b70 00000001 p...p...p.......
0x0046ee68: 00c89b70 00c89b70 00c89b70 00c89b70 p...p...p...p...
0x0046ee78: 00c89b70 00000000 0953ccc0 09527880 p.........S..xR.
0x0046ee88: 00000000 01b3996b 041f2d48 00000000 ....k...H-......
0x0046ee98: 00000000 00000000 00000000 00000000 ................
0x0046eea8: 0953ccb8 041f2910 00000000 03bf2f60 ..S..)......`/..
0x0046eeb8: 03c3f280 773b15b1 0952d598 0953c5f8 ......;w..R...S.
0x0046eec8: 00000000 00000000 00000000 0953cd60 ............`.S.
0x0046eed8: 00000001 0410370a 0046ef6c 10018315 .....7..l.F.....
0x0046eee8: 042098c8 00000001 b0e94804 0046ef6c .. ......H..l.F.
0x0046eef8: 87000285 041a4010 094b2de9 094b43e3 .....@...-K..CK.
0x0046ef08: 01000086 042098c8 0953cea0 09583e90 ...... ...S..>X.
0x0046ef18: 094b2de9 094b43e3 01000086 ffffed8b .-K..CK.........
0x0046ef28: 00000000 00000000 00000000 46d0da9b ...............F
0x0046ef38: 04000004 fffffe84 02000002 037ac044 ............D.z.
0x0046ef48: 00000000 00000000 a40012b6 00000000 ................
0x0046ef58: 00000003 00000006 000001c1 000007ff ................
0x0046ef68: b0e9499c 00000e08 1001917d 042098c8 .I......}..... .
0x0046ef78: 00000086 00000001 00000000 100191c6 ................
0x0046ef88: 041a8378 3e2aaaab 0046ef9c 000001c1 x.....*>..F.....
0x0046ef98: 040198c8 042098c8 00000000 00000000 ...... .........
0x0046efa8: 00000000 00000001 00000000 00000000 ................
0x0046efb8: 00000000 00000000 00000000 00000000 ................
0x0046efc8: 00000504 00003d28 00000000 0000008a ....(=..........
0x0046efd8: 00000000 094a506c 0952d4f8 00000000 ....lPJ...R.....
0x0046efe8: 00000001 0953d640 000001c1 00000000 ....@.S.........
0x0046eff8: 094a4f80 09527880 0952d818 0953cf60 .OJ..xR...R.`.S.
0x0046f008: 00000000 0952d598 09474a10 094a4f7b ......R..JG.{OJ.
0x0046f018: 0953d640 00000000 041049b0 0046f03c @.S......I..<.F.
0x0046f028: 00000000 09474a10 00000e00 09474a10 .....JG......JG.
0x0046f038: 0957d680 00000003 04104398 00000002 ..W......C......
0x0046f048: 00000000 00000e08 00000000 00000108 ................
0x0046f058: 00930e48 0046f0bc 0046f0ec 773b10e9 H.....F...F...;w
0x0046f068: 00000088 00000008 fffff7ff 00000088 ................
0x0046f078: 09527880 0046f084 041a5d38 00000002 .xR...F.8]......
0x0046f088: 00000012 10054f6a 00000000 00000090 ....jO..........
0x0046f098: 094a4f4c 00000001 00000008 0953c640 LOJ.........@.S.
0x0046f0a8: 10049f76 0953c640 0046f0c8 100b8520 v...@.S...F. ...
0x0046f0b8: 0046f0c8 100e8a26 1019f2b0 1019f2b0 ..F.&...........
0x0046f0c8: 0046f0f0 100f8789 00060000 00000010 ..F.............
0x0046f0d8: 0955e350 09527880 00000001 00000000 P.U..xR.........
0x0046f0e8: 00000000 00000004 0046f104 100f8abc ..........F.....
0x0046f0f8: 00000000 0955e350 09474a10 0046f120 ....P.U..JG. .F.
0x0046f108: 100f9489 00000000 b0e957e4 0046f16c .........W..l.F.
0x0046f118: 100eeeea 09474a10 09527880 00000000 .....JG..xR.....
0x0046f128: 00000000 00000000 00000000 00000000 ................
0x0046f138: 00000000 00000000 00002000 00000000 ......... ......
0x0046f148: 00000000 04121280 101f4428 00000000 ........(D......
0x0046f158: 00000010 09527880 0000021d 09527880 .....xR......xR.
0x0046f168: 00000000 0046f1b4 100efd37 09527880 ......F.7....xR.
0x0046f178: 03d169ff 01284e70 0952d4f8 00000000 .i..pN(...R.....
0x0046f188: 00000000 101e8080 09527880 101b7624 .........xR.$v..
0x0046f198: 00000000 01284f08 00000000 101b7624 .....O(.....$v..
0x0046f1a8: 0046f1c0 10038493 00000000 0046f1e8 ..F...........F.
0x0046f1b8: 100f0292 09527880 01284e70 03d169ff .....xR.pN(..i..
0x0046f1c8: 0046f20c 09527880 0958aad8 04120ab8 ..F..xR...X.....
0x0046f1d8: 00000000 00000000 01284e70 01284e70 ........pN(.pN(.
0x0046f1e8: 0046f210 100f045b 03d169ff 0046f20c ..F.[....i....F.
0x0046f1f8: 00010000 00000003 09527880 09453aa0 .........xR..:E.
0x0046f208: 01284e70 00000000 0046f234 1005d812 pN(.....4.F.....
0x0046f218: 09527880 01294b70 0046f32c 0046f2ac .xR.pK).,.F...F.
0x0046f228: 0046f2ac 0046f2bc 00000003 0046f24c ..F...F.....L.F.
0x0046f238: 014f4fae 09527880 01294b70 0046f32c .OO..xR.pK).,.F.
0x0046f248: 0046f2ac 0046f28c 015a1239 09527880 ..F...F.9.Z..xR.
0x0046f258: 0ab6f901 01294b70 0046f2dc 0046f2ac ....pK)...F...F.
0x0046f268: 01294b70 0046f2bc 0955e350 0046f28c pK)...F.P.U...F.
0x0046f278: 09527880 0046f2bc 00000003 01294b70 .xR...F.....pK).
0x0046f288: 0955e350 0046f29c 015a12ae 0046f2ac P.U...F...Z...F.
0x0046f298: 00000000 0046f2b0 015a130c 0046f2ac ......F...Z...F.
0x0046f2a8: 01294b70 00000000 0046f384 014e4102 pK).......F..AN.
0x0046f2b8: 06db3230 01f6cfc4 09527880 0ab6f901 02.......xR.....
0x0046f2c8: 01294b70 00002ba4 00000000 00000101 pK)..+..........
0x0046f2d8: 00000000 00000000 00000000 00000000 ................
0x0046f2e8: 00000000 00000000 00000000 00000000 ................
0x0046f2f8: 00000000 00000000 00000000 00000000 ................
0x0046f308: 00000000 00000000 00000000 00000000 ................
0x0046f318: 00000000 00000000 00000000 00000000 ................
0x0046f328: 00000000 00000000 00000000 00000000 ................
0x0046f338: 00000000 00000000 00000000 00000000 ................
0x0046f348: 00000000 00000000 00000000 00000000 ................
0x0046f358: 00000000 00000000 00000000 00000000 ................
0x0046f368: 00000000 00000000 00000000 00000000 ................
0x0046f378: 00000000 00000000 014c49b7 0046f3a0 .........IL...F.
0x0046f388: 014e42e9 09527880 0ab6f901 06db3230 .BN..xR.....02..
0x0046f398: ffffff9c 0ab6f901 0046f3b8 014e6608 ..........F..fN.
0x0046f3a8: 01294b70 06db3230 014c3da7 06db3230 pK).02...=L.02..
0x0046f3b8: 0046f3dc 014e47fc 00000003 00000003 ..F..GN.........
0x0046f3c8: 00000010 0ab924c4 0000025f ffffffff .....$.._.......
0x0046f3d8: 0046f40c 0046f40c 015b76eb 00000003 ..F...F..v[.....
0x0046f3e8: 00000010 0ab924c0 0ab92580 00c13f50 .....$...%..P?..
0x0046f3f8: 0c45dd98 0c460aa0 00c13f50 0c460aa0 ..E...F.P?....F.
0x0046f408: 0c460aa0 0046f444 015b78bd 0ab924c0 ..F.D.F..x[..$..
0x0046f418: 00002ba4 00000003 0ab924c0 0ab92580 .+.......$...%..
0x0046f428: 00000010 01686270 021883f0 00000016 ....pbh.........
0x0046f438: 0377fad4 00000001 0377fb54 0046f458 ..w.....T.w.X.F.
0x0046f448: 01579978 01f69a29 0377fad4 00000000 x.W.).....w.....
0x0046f458: 0046f494 01579b4f 0046f478 0377fad4 ..F.O.W.x.F...w.
0x0046f468: 00000002 00c2f6d0 0377fa00 00000001 ..........w.....
0x0046f478: 6e69616d 61746144 00000000 0046f4c4 mainData......F.
0x0046f488: 00000008 0000000f 00c2f6d0 0046f4c4 ..............F.
0x0046f498: 0156a1fe 0377fad4 0377fa00 015699dd ..V...w...w...V.
0x0046f4a8: 00000010 00c2f6d0 00000001 ead2ea26 ............&...
0x0046f4b8: 0000002e 00000001 0146f4e0 0046f4e0 ..........F...F.
0x0046f4c8: 01569a65 00000000 00000010 0377fa00 e.V...........w.
0x0046f4d8: 00000000 00000001 0046f5bc 015671a3 ..........F..qV.
0x0046f4e8: 75749c00 00000000 00000000 00000000 ..tu............
0x0046f4f8: 00000059 00000000 00000000 00000000 Y...............
0x0046f508: 00000059 00000000 00000000 00000000 Y...............
0x0046f518: 00000059 00000000 00000000 00000000 Y...............
0x0046f528: 00000059 00000000 00000000 00000000 Y...............
0x0046f538: 00000059 00000000 00000000 00000000 Y...............
0x0046f548: 00000059 00000000 00000000 00000000 Y...............
0x0046f558: 00000059 00000000 00000000 00000000 Y...............
0x0046f568: 00000059 00000000 00000000 00000000 Y...............
0x0046f578: 00000059 00000000 00000000 6e696100 Y............ain
0x0046f588: 61746144 00000000 00000000 00000000 Data............
0x0046f598: 0000000f 0046f5b8 00c4db00 0046f5b0 ......F.......F.
0x0046f5a8: 75749c00 00000000 00000000 0000000f ..tu............
0x0046f5b8: 0046f5ec 0046f5ec 015fdbb9 00000010 ..F...F..._.....
0x0046f5c8: 00000000 00080300 000000ff 00000001 ................
0x0046f5d8: 00ac0569 0522b195 000002de 000002ae i.....".........
0x0046f5e8: 0000048c 0046f720 015ff800 0196bf22 .... .F..._."...
0x0046f5f8: 00000000 fec6f000 00c1fc60 01c0003f ........`...?...
0x0046f608: 000001ff 00000000 0000004a 0000004f ........J...O...
0x0046f618: 00000fff 00c1fc10 005a25d0 020adb58 .........%Z.X...
0x0046f628: 7fffffff 0000004f 0000004f 005a25d0 ....O...O....%Z.
0x0046f638: 020adb58 0000000f 0000000f 7fffffff X...............
0x0046f648: 00000000 02159928 005a1a10 0000000f ....(.....Z.....
0x0046f658: 0046f600 0046f68c 01986f99 005a25d0 ..F...F..o...%Z.
0x0046f668: 020adb58 0000000f 00c2fdf0 7fffffff X...............
0x0046f678: 00000000 02159928 00000050 0000005f ....(...P..._...
0x0046f688: 0046f600 00c1fda0 0197640c 005a25d0 ..F......d...%Z.
0x0046f698: 020adb58 00000041 0000004f 00000004 X...A...O.......
0x0046f6a8: 616e614d 00646567 005a1a10 756e6547 Managed...Z.Genu
0x0046f6b8: 00000007 0000000f 00000000 00af6630 ............0f..
0x0046f6c8: 00c13ad0 00c13b08 00c13b08 0046f704 .:...;...;....F.
0x0046f6d8: 72637300 696e6565 6c640064 0196006c .screenid.dll...
0x0046f6e8: 00000000 0000000f 0046f710 00c40400 ..........F.....
0x0046f6f8: 0046f710 01966a07 006a3d8e 00000000 ..F..j...=j.....
0x0046f708: 0000000f 00000000 00000000 00af6630 ............0f..
0x0046f718: 00000000 00af6670 0046f738 01934e98 ....pf..8.F..N..
0x0046f728: 013a0000 00000000 006a3d91 0000000a ..:......=j.....
0x0046f738: 0046f7c8 0196becf 013a0000 00000000 ..F.......:.....
0x0046f748: 006a3d91 0000000a 844c4f11 0196bf22 .=j......OL."...
0x0046f758: 0196bf22 fec6f000 00000044 006a2048 ".......D...H j.
0x0046f768: 006a2028 006a2016 00000000 00000000 ( j.. j.........
0x0046f778: 00000000 00000000 00000000 00000000 ................
0x0046f788: 00000000 00000000 00000000 00000000 ................
0x0046f798: 0046f7c4 0046f7c4 0197d124 c0000005 ..F...F.$.......
0x0046f7a8: 0196bf22 00000000 0046f750 0046e204 ".......P.F...F.
0x0046f7b8: 0046f814 0196daf0 86055a69 00000000 ..F.....iZ......
0x0046f7c8: 0046f7dc 76db7c04 fec6f000 76db7be0 ..F..|.v.....{.v
0x0046f7d8: d63d9b67 0046f824 773cad1f fec6f000 g.=.$.F...<w....
0x0046f7e8: d790a547 00000000 00000000 fec6f000 G...............
0x0046f7f8: c0000005 7570f510 00000000 0046e1e4 ......pu......F.
0x0046f808: d790a547 0046f7e8 0046e1e4 0046f82c G.....F...F.,.F.
0x0046f818: 774074a0 a0eaf053 00000000 0046f834 .t@wS.......4.F.
0x0046f828: 773cacea ffffffff 773b0224 00000000 ..<w....$.;w....
0x0046f838: 00000000 0196bf22 fec6f000 00000000 ...."...........
0x0046f848: 00000000 00000000 00000000 00000000 ................
0x0046f858: 00000000 00000000 00000000 00000000 ................
0x0046f868: 00000000 00000000 00000000 00000000 ................
0x0046f878: 00000000 00000000 00000000 00000000 ................
0x0046f888: 00000000 00000000 00000000 00000000 ................
0x0046f898: 00000000 00000000 00000000 00000000 ................
0x0046f8a8: 00000000 00000000 00000000 00000000 ................
0x0046f8b8: 00000000 00000000 00000000 00000000 ................
0x0046f8c8: 00000000 00000000 00000000 00000000 ................
0x0046f8d8: 00000000 00000000 00000000 00000000 ................
0x0046f8e8: 00000000 00000000 00000000 00000000 ................
0x0046f8f8: 00000000 00000000 00000000 00000000 ................
0x0046f908: 00000000 00000000 00000000 00000000 ................
0x0046f918: 00000000 00000000 00000000 00000000 ................
0x0046f928: 00000000 00000000 00000000 00000000 ................
0x0046f938: 00000000 00000000 00000000 00000000 ................
0x0046f948: 00000000 00000000 00000000 00000000 ................
0x0046f958: 00000000 00000000 00000000 00000000 ................
0x0046f968: 00000000 00000000 00000000 00000000 ................
0x0046f978: 00000000 00000000 00000000 00000000 ................
0x0046f988: 00000000 00000000 00000000 00000000 ................
0x0046f998: 00000000 00000000 00000000 00000000 ................
0x0046f9a8: 00000000 00000000 00000000 00000000 ................
0x0046f9b8: 00000000 00000000 00000000 00000000 ................
0x0046f9c8: 00000000 00000000 00000000 00000000 ................
0x0046f9d8: 00000000 00000000 00000000 00000000 ................
0x0046f9e8: 00000000 00000000 00000000 00000000 ................
0x0046f9f8: 00000000 00000000 00000000 00000000 ................
0x0046fa08: 00000000 00000000 00000000 00000000 ................
0x0046fa18: 00000000 00000000 00000000 00000000 ................
0x0046fa28: 00000000 00000000 00000000 00000000 ................
0x0046fa38: 00000000 00000000 00000000 00000000 ................
0x0046fa48: 00000000 00000000 00000000 00000000 ................
0x0046fa58: 00000000 00000000 00000000 00000000 ................
0x0046fa68: 00000000 00000000 00000000 00000000 ................
0x0046fa78: 00000000 00000000 00000000 00000000 ................
0x0046fa88: 00000000 00000000 00000000 00000000 ................
0x0046fa98: 00000000 00000000 00000000 00000000 ................
0x0046faa8: 00000000 00000000 00000000 00000000 ................
0x0046fab8: 00000000 00000000 00000000 00000000 ................
0x0046fac8: 00000000 00000000 00000000 00000000 ................
0x0046fad8: 00000000 00000000 00000000 00000000 ................
0x0046fae8: 00000000 00000000 00000000 00000000 ................
0x0046faf8: 00000000 00000000 00000000 00000000 ................
0x0046fb08: 00000000 00000000 00000000 00000000 ................
0x0046fb18: 00000000 00000000 00000000 00000000 ................
0x0046fb28: 00000000 00000000 00000000 00000000 ................
0x0046fb38: 00000000 00000000 00000000 00000000 ................
0x0046fb48: 00000000 00000000 00000000 00000000 ................
0x0046fb58: 00000000 00000000 00000000 00000000 ................
0x0046fb68: 00000000 00000000 00000000 00000000 ................
0x0046fb78: 00000000 00000000 00000000 00000000 ................
0x0046fb88: 00000000 00000000 00000000 00000000 ................
0x0046fb98: 00000000 00000000 00000000 00000000 ................
0x0046fba8: 00000000 00000000 00000000 00000000 ................
0x0046fbb8: 00000000 00000000 00000000 00000000 ................
0x0046fbc8: 00000000 00000000 00000000 00000000 ................
0x0046fbd8: 00000000 00000000 00000000 00000000 ................
0x0046fbe8: 00000000 00000000 00000000 00000000 ................
0x0046fbf8: 00000000 00000000 00000000 00000000 ................
0x0046fc08: 00000000 00000000 00000000 00000000 ................
0x0046fc18: 00000000 00000000 00000000 00000000 ................
0x0046fc28: 00000000 00000000 00000000 00000000 ................
0x0046fc38: 00000000 00000000 00000000 00000000 ................
0x0046fc48: 00000000 00000000 00000000 00000000 ................
0x0046fc58: 00000000 00000000 00000000 00000000 ................
0x0046fc68: 00000000 00000000 00000000 00000000 ................
0x0046fc78: 00000000 00000000 00000000 00000000 ................
0x0046fc88: 00000000 00000000 00000000 00000000 ................
0x0046fc98: 00000000 00000000 00000000 00000000 ................
0x0046fca8: 00000000 00000000 00000000 00000000 ................
0x0046fcb8: 00000000 00000000 00000000 00000000 ................
0x0046fcc8: 00000000 00000000 00000000 00000000 ................
0x0046fcd8: 00000000 00000000 00000000 00000000 ................
0x0046fce8: 00000000 00000000 00000000 00000000 ................
0x0046fcf8: 00000000 00000000 00000000 00000000 ................
0x0046fd08: 00000000 00000000 00000000 00000000 ................
0x0046fd18: 00000000 00000000 00000000 00000000 ................
0x0046fd28: 00000000 00000000 00000000 00000000 ................
0x0046fd38: 00000000 00000000 00000000 00000000 ................
0x0046fd48: 00000000 00000000 00000000 00000000 ................
0x0046fd58: 00000000 00000000 00000000 00000000 ................
0x0046fd68: 00000000 00000000 00000000 00000000 ................
0x0046fd78: 00000000 00000000 00000000 00000000 ................
0x0046fd88: 00000000 00000000 00000000 00000000 ................
0x0046fd98: 00000000 00000000 00000000 00000000 ................
0x0046fda8: 00000000 00000000 00000000 00000000 ................
0x0046fdb8: 00000000 00000000 00000000 00000000 ................
0x0046fdc8: 00000000 00000000 00000000 00000000 ................
0x0046fdd8: 00000000 00000000 00000000 00000000 ................
0x0046fde8: 00000000 00000000 00000000 00000000 ................
0x0046fdf8: 00000000 00000000 00000000 00000000 ................
0x0046fe08: 00000000 00000000 00000000 00000000 ................
0x0046fe18: 00000000 00000000 00000000 00000000 ................
0x0046fe28: 00000000 00000000 00000000 00000000 ................
0x0046fe38: 00000000 00000000 00000000 00000000 ................
0x0046fe48: 00000000 00000000 00000000 00000000 ................
0x0046fe58: 00000000 00000000 00000000 00000000 ................
0x0046fe68: 00000000 00000000 00000000 00000000 ................
0x0046fe78: 00000000 00000000 00000000 00000000 ................
0x0046fe88: 00000000 00000000 00000000 00000000 ................
0x0046fe98: 00000000 00000000 00000000 00000000 ................
0x0046fea8: 00000000 00000000 00000000 00000000 ................
0x0046feb8: 00000000 00000000 00000000 00000000 ................
0x0046fec8: 00000000 00000000 00000000 00000000 ................
0x0046fed8: 00000000 00000000 00000000 00000000 ................
0x0046fee8: 00000000 00000000 00000000 00000000 ................
0x0046fef8: 00000000 00000000 00000000 00000000 ................
0x0046ff08: 00000000 00000000 00000000 00000000 ................
0x0046ff18: 00000000 00000000 00000000 00000000 ................
0x0046ff28: 00000000 00000000 00000000 00000000 ................
0x0046ff38: 00000000 00000000 00000000 00000000 ................
0x0046ff48: 00000000 00000000 00000000 00000000 ................
0x0046ff58: 00000000 00000000 00000000 00000000 ................
0x0046ff68: 00000000 00000000 00000000 00000000 ................
0x0046ff78: 00000000 00000000 00000000 00000000 ................
0x0046ff88: 00000000 00000000 00000000 00000000 ................
0x0046ff98: 00000000 00000000 00000000 00000000 ................
0x0046ffa8: 00000000 00000000 00000000 00000000 ................
0x0046ffb8: 00000000 00000000 00000000 00000000 ................
0x0046ffc8: 00000000 00000000 00000000 00000000 ................
0x0046ffd8: 00000000 00000000 00000000 00000000 ................
0x0046ffe8: 00000000 00000000 00000000 00000000 ................
0x0046fff8: 00000000 00000000                   ........

Module 1
C:\Users\Brendan\Documents\GitHub\VirtualRealityProject\test.exe
Image Base: 0x013a0000  Image Size: 0x00fad000
File Size:  15665952    File Time:  2015-03-27_131514
Version:
   Company:    
   Product:    
   FileDesc:   
   FileVer:    5.0.1.11919
   ProdVer:    5.0.1.11919

Module 2
C:\Program Files (x86)\NVIDIA Corporation\CoProcManager\detoured.dll
Image Base: 0x0f000000  Image Size: 0x00006000
File Size:  12104       File Time:  2015-04-09_025818
Version:
   Company:    
   Product:    
   FileDesc:   
   FileVer:    0.0.0.0
   ProdVer:    0.0.0.0

Module 3
C:\Users\Brendan\Documents\GitHub\VirtualRealityProject\test_Data\Mono\mono.dll
Image Base: 0x10000000  Image Size: 0x0022f000
File Size:  2109216     File Time:  2015-03-27_131516
Version:
   Company:    
   Product:    
   FileDesc:   
   FileVer:    0.0.0.0
   ProdVer:    0.0.0.0

Module 4
C:\Users\Brendan\Documents\GitHub\VirtualRealityProject\test_Data\Plugins\OculusPlugin.dll
Image Base: 0x5d180000  Image Size: 0x0009c000
File Size:  610816      File Time:  2014-10-24_081348
Version:
   Company:    
   Product:    
   FileDesc:   
   FileVer:    0.0.0.0
   ProdVer:    0.0.0.0

Module 5
C:\Users\Brendan\Documents\GitHub\VirtualRealityProject\test_Data\Plugins\Leap.dll
Image Base: 0x5d220000  Image Size: 0x0011c000
File Size:  1150800     File Time:  2015-04-03_100452
Version:
   Company:    Leap Motion
   Product:    Leap Motion API
   FileDesc:   Leap Motion API
   FileVer:    2.2.4.0
   ProdVer:    2.2.4.0

Module 6
C:\Windows\SYSTEM32\igdusc32.dll
Image Base: 0x65bd0000  Image Size: 0x0088e000
File Size:  4782296     File Time:  2015-03-31_190202
Version:
   Company:    Intel Corporation
   Product:    Intel HD Graphics Drivers for Windows 8(R)
   FileDesc:   Unified Shader Compiler for Intel(R) Graphics Accelerator
   FileVer:    10.18.14.4156
   ProdVer:    10.18.14.4156

Module 7
C:\Windows\SYSTEM32\d3d10_1core.dll
Image Base: 0x67ad0000  Image Size: 0x0005a000
File Size:  352768      File Time:  2014-10-29_030002
Version:
   Company:    Microsoft Corporation
   Product:    Microsoft® Windows® Operating System
   FileDesc:   Direct3D 10.1 Runtime
   FileVer:    6.3.9600.17415
   ProdVer:    6.3.9600.17415

Module 8
C:\Windows\SYSTEM32\d3d10_1.dll
Image Base: 0x67b30000  Image Size: 0x0002d000
File Size:  161792      File Time:  2014-10-29_025858
Version:
   Company:    Microsoft Corporation
   Product:    Microsoft® Windows® Operating System
   FileDesc:   Direct3D 10.1 Runtime
   FileVer:    6.3.9600.17415
   ProdVer:    6.3.9600.17415

Module 9
C:\Windows\system32\igd10iumd32.dll
Image Base: 0x67b60000  Image Size: 0x00836000
File Size:  8605632     File Time:  2015-03-31_190108
Version:
   Company:    Intel Corporation
   Product:    Intel HD Graphics Drivers for Windows 8(R)
   FileDesc:   User Mode Driver for Intel(R) Graphics Technology
   FileVer:    10.18.14.4156
   ProdVer:    10.18.14.4156

Module 10
C:\Windows\SYSTEM32\AVRT.dll
Image Base: 0x683a0000  Image Size: 0x0000a000
File Size:  31496       File Time:  2014-10-29_051134
Version:
   Company:    Microsoft Corporation
   Product:    Microsoft® Windows® Operating System
   FileDesc:   Multimedia Realtime Runtime
   FileVer:    6.3.9600.17415
   ProdVer:    6.3.9600.17415

Module 11
C:\Windows\SYSTEM32\ksuser.dll
Image Base: 0x683c0000  Image Size: 0x00007000
File Size:  19096       File Time:  2014-10-29_050702
Version:
   Company:    Microsoft Corporation
   Product:    Microsoft® Windows® Operating System
   FileDesc:   User CSA Library
   FileVer:    6.3.9600.17415
   ProdVer:    6.3.9600.17415

Module 12
C:\Program Files (x86)\NVIDIA Corporation\CoProcManager\nvdxgiwrap.dll
Image Base: 0x68750000  Image Size: 0x0001e000
File Size:  105512      File Time:  2015-04-09_025818
Version:
   Company:    NVIDIA Corporation
   Product:    NVIDIA D3D shim drivers
   FileDesc:   NVIDIA dxgiwrap dll, Version 350.12 
   FileVer:    9.18.13.5012
   ProdVer:    9.18.13.5012

Module 13
C:\Program Files (x86)\NVIDIA Corporation\CoProcManager\nvd3d9wrap.dll
Image Base: 0x68770000  Image Size: 0x00029000
File Size:  153208      File Time:  2015-04-09_025818
Version:
   Company:    NVIDIA Corporation
   Product:    NVIDIA D3D shim drivers
   FileDesc:   NVIDIA d3d9wrap dll, Version 350.12 
   FileVer:    9.18.13.5012
   ProdVer:    9.18.13.5012

Module 14
C:\Windows\system32\nvinit.dll
Image Base: 0x687a0000  Image Size: 0x0002b000
File Size:  154256      File Time:  2015-04-09_025818
Version:
   Company:    NVIDIA Corporation
   Product:    NVIDIA D3D shim drivers
   FileDesc:   NVIDIA shim initialization dll, Version 350.12 
   FileVer:    9.18.13.5012
   ProdVer:    9.18.13.5012

Module 15
C:\Windows\SYSTEM32\nvumdshim.dll
Image Base: 0x687d0000  Image Size: 0x000e9000
File Size:  927440      File Time:  2015-04-09_025818
Version:
   Company:    NVIDIA Corporation
   Product:    NVIDIA D3D shim drivers
   FileDesc:   NVIDIA D3D Shim Driver, Version 350.12 
   FileVer:    9.18.13.5012
   ProdVer:    9.18.13.5012

Module 16
C:\Windows\SYSTEM32\d3d11.dll
Image Base: 0x688c0000  Image Size: 0x001d9000
File Size:  1946144     File Time:  2014-10-29_051204
Version:
   Company:    Microsoft Corporation
   Product:    Microsoft® Windows® Operating System
   FileDesc:   Direct3D 11 Runtime
   FileVer:    6.3.9600.17415
   ProdVer:    6.3.9600.17415

Module 17
C:\Windows\SYSTEM32\dxgi.dll
Image Base: 0x68aa0000  Image Size: 0x00069000
File Size:  430176      File Time:  2014-10-29_051204
Version:
   Company:    Microsoft Corporation
   Product:    Microsoft® Windows® Operating System
   FileDesc:   DirectX Graphics Infrastructure
   FileVer:    6.3.9600.17415
   ProdVer:    6.3.9600.17415

Module 18
C:\Windows\SYSTEM32\DDRAW.dll
Image Base: 0x68b10000  Image Size: 0x000ec000
File Size:  544256      File Time:  2014-10-29_025248
Version:
   Company:    Microsoft Corporation
   Product:    Betriebssystem Microsoft® Windows®
   FileDesc:   Microsoft DirectDraw
   FileVer:    6.3.9600.17415
   ProdVer:    6.3.9600.17415

Module 19
C:\Windows\SYSTEM32\GLU32.dll
Image Base: 0x68c00000  Image Size: 0x00025000
File Size:  140288      File Time:  2014-10-29_035952
Version:
   Company:    Microsoft Corporation
   Product:    Betriebssystem Microsoft® Windows®
   FileDesc:   OpenGL-Hilfsprogrammbibliotheks-DLL
   FileVer:    6.3.9600.17415
   ProdVer:    6.3.9600.17415

Module 20
C:\Windows\SYSTEM32\OPENGL32.dll
Image Base: 0x6beb0000  Image Size: 0x000de000
File Size:  777728      File Time:  2014-10-29_035752
Version:
   Company:    Microsoft Corporation
   Product:    Microsoft® Windows® Operating System
   FileDesc:   OpenGL Client DLL
   FileVer:    6.3.9600.17415
   ProdVer:    6.3.9600.17415

Module 21
C:\Windows\SYSTEM32\MSVCR120.dll
Image Base: 0x6d630000  Image Size: 0x000ee000
File Size:  970912      File Time:  2013-10-05_023822
Version:
   Company:    Microsoft Corporation
   Product:    Microsoft® Visual Studio® 2013
   FileDesc:   Microsoft® C Runtime Library
   FileVer:    12.0.21005.1
   ProdVer:    12.0.21005.1

Module 22
C:\Windows\SYSTEM32\MSVCP120.dll
Image Base: 0x6db80000  Image Size: 0x00071000
File Size:  455328      File Time:  2013-10-05_023822
Version:
   Company:    Microsoft Corporation
   Product:    Microsoft® Visual Studio® 2013
   FileDesc:   Microsoft® C Runtime Library
   FileVer:    12.0.21005.1
   ProdVer:    12.0.21005.1

Module 23
C:\Windows\SYSTEM32\MMDevAPI.DLL
Image Base: 0x6dc00000  Image Size: 0x00053000
File Size:  331048      File Time:  2014-10-29_050702
Version:
   Company:    Microsoft Corporation
   Product:    Betriebssystem Microsoft® Windows®
   FileDesc:   MMDevice-API
   FileVer:    6.3.9600.17415
   ProdVer:    6.3.9600.17415

Module 24
C:\Windows\SYSTEM32\powrprof.dll
Image Base: 0x6dc60000  Image Size: 0x00040000
File Size:  255136      File Time:  2014-10-29_051846
Version:
   Company:    Microsoft Corporation
   Product:    Betriebssystem Microsoft® Windows®
   FileDesc:   Power Profile Helper DLL
   FileVer:    6.3.9600.17415
   ProdVer:    6.3.9600.17415

Module 25
C:\Windows\SYSTEM32\AUDIOSES.DLL
Image Base: 0x6dca0000  Image Size: 0x00060000
File Size:  370424      File Time:  2014-10-29_050710
Version:
   Company:    Microsoft Corporation
   Product:    Betriebssystem Microsoft® Windows®
   FileDesc:   Audiositzung
   FileVer:    6.3.9600.17415
   ProdVer:    6.3.9600.17415

Module 26
C:\Windows\SYSTEM32\WINMMBASE.dll
Image Base: 0x70630000  Image Size: 0x00023000
File Size:  134280      File Time:  2014-10-29_050702
Version:
   Company:    Microsoft Corporation
   Product:    Microsoft® Windows® Operating System
   FileDesc:   Base Multimedia Extension API DLL
   FileVer:    6.3.9600.17415
   ProdVer:    6.3.9600.17415

Module 27
C:\Windows\SYSTEM32\WINMM.dll
Image Base: 0x70660000  Image Size: 0x00023000
File Size:  136840      File Time:  2014-10-29_050702
Version:
   Company:    Microsoft Corporation
   Product:    Betriebssystem Microsoft® Windows®
   FileDesc:   MCI API-DLL
   FileVer:    6.3.9600.17415
   ProdVer:    6.3.9600.17415

Module 28
C:\Users\Brendan\Documents\GitHub\VirtualRealityProject\test_Data\Plugins\LeapCSharp.dll
Image Base: 0x70810000  Image Size: 0x00023000
File Size:  133456      File Time:  2015-04-03_100420
Version:
   Company:    Leap Motion
   Product:    Leap Motion API
   FileDesc:   Leap Motion API
   FileVer:    2.2.4.0
   ProdVer:    2.2.4.0

Module 29
C:\Windows\SYSTEM32\dsound.dll
Image Base: 0x70840000  Image Size: 0x00081000
File Size:  517120      File Time:  2014-10-29_034754
Version:
   Company:    Microsoft Corporation
   Product:    Betriebssystem Microsoft® Windows®
   FileDesc:   DirectSound
   FileVer:    6.3.9600.17415
   ProdVer:    6.3.9600.17415

Module 30
C:\Windows\SYSTEM32\wdmaud.drv
Image Base: 0x708d0000  Image Size: 0x00036000
File Size:  197120      File Time:  2014-10-29_025318
Version:
   Company:    Microsoft Corporation
   Product:    Betriebssystem Microsoft® Windows®
   FileDesc:   Winmm-Audiosystemtreiber
   FileVer:    6.3.9600.17415
   ProdVer:    6.3.9600.17415

Module 31
C:\Windows\SYSTEM32\MSACM32.dll
Image Base: 0x70910000  Image Size: 0x00017000
File Size:  89816       File Time:  2014-10-29_050702
Version:
   Company:    Microsoft Corporation
   Product:    Betriebssystem Microsoft® Windows®
   FileDesc:   Microsoft ACM-Audiofilter
   FileVer:    6.3.9600.17415
   ProdVer:    6.3.9600.17415

Module 32
C:\Windows\SYSTEM32\dbghelp.dll
Image Base: 0x70a10000  Image Size: 0x00141000
File Size:  1207296     File Time:  2015-04-01_043102
Version:
   Company:    Microsoft Corporation
   Product:    Microsoft® Windows® Operating System
   FileDesc:   Windows Image Helper
   FileVer:    6.3.9600.17787
   ProdVer:    6.3.9600.17787

Module 33
C:\Windows\SYSTEM32\NTASN1.dll
Image Base: 0x70b60000  Image Size: 0x00029000
File Size:  165728      File Time:  2014-10-29_051538
Version:
   Company:    Microsoft Corporation
   Product:    Microsoft® Windows® Operating System
   FileDesc:   Microsoft ASN.1 API
   FileVer:    6.3.9600.17415
   ProdVer:    6.3.9600.17415

Module 34
C:\Windows\SYSTEM32\ncrypt.dll
Image Base: 0x70b90000  Image Size: 0x0001f000
File Size:  119800      File Time:  2014-10-29_051538
Version:
   Company:    Microsoft Corporation
   Product:    Betriebssystem Microsoft® Windows®
   FileDesc:   Windows NCrypt-Router
   FileVer:    6.3.9600.17415
   ProdVer:    6.3.9600.17415

Module 35
C:\Windows\system32\apphelp.dll
Image Base: 0x71000000  Image Size: 0x000a0000
File Size:  642560      File Time:  2014-10-29_040014
Version:
   Company:    Microsoft Corporation
   Product:    Betriebssystem Microsoft® Windows®
   FileDesc:   Clientbibliothek für Anwendungskompatibilität
   FileVer:    6.3.9600.17415
   ProdVer:    6.3.9600.17415

Module 36
C:\Windows\SYSTEM32\ntmarta.dll
Image Base: 0x711f0000  Image Size: 0x00028000
File Size:  154392      File Time:  2014-10-29_051538
Version:
   Company:    Microsoft Corporation
   Product:    Betriebssystem Microsoft® Windows®
   FileDesc:   Windows NT MARTA-Anbieter
   FileVer:    6.3.9600.17415
   ProdVer:    6.3.9600.17415

Module 37
C:\Windows\SYSTEM32\xinput9_1_0.dll
Image Base: 0x71220000  Image Size: 0x00006000
File Size:  8704        File Time:  2014-10-29_035948
Version:
   Company:    Microsoft Corporation
   Product:    Betriebssystem Microsoft® Windows®
   FileDesc:   XNA Common Controller
   FileVer:    6.3.9600.17415
   ProdVer:    6.3.9600.17415

Module 38
C:\Windows\SYSTEM32\DCIMAN32.dll
Image Base: 0x71480000  Image Size: 0x00007000
File Size:  11776       File Time:  2014-10-29_040002
Version:
   Company:    Microsoft Corporation
   Product:    Microsoft® Windows® Operating System
   FileDesc:   DCI Manager
   FileVer:    6.3.9600.17415
   ProdVer:    6.3.9600.17415

Module 39
C:\Windows\system32\dwmapi.dll
Image Base: 0x71490000  Image Size: 0x0001a000
File Size:  102728      File Time:  2014-10-29_051204
Version:
   Company:    Microsoft Corporation
   Product:    Betriebssystem Microsoft® Windows®
   FileDesc:   Microsoft Desktopfenster-Manager-API
   FileVer:    6.3.9600.17415
   ProdVer:    6.3.9600.17415

Module 40
C:\Windows\system32\uxtheme.dll
Image Base: 0x716f0000  Image Size: 0x000ed000
File Size:  949760      File Time:  2014-10-29_024830
Version:
   Company:    Microsoft Corporation
   Product:    Betriebssystem Microsoft® Windows®
   FileDesc:   Microsoft UxTheme-Bibliothek
   FileVer:    6.3.9600.17415
   ProdVer:    6.3.9600.17415

Module 41
C:\Windows\SYSTEM32\VERSION.dll
Image Base: 0x71a20000  Image Size: 0x00008000
File Size:  26304       File Time:  2014-10-29_051056
Version:
   Company:    Microsoft Corporation
   Product:    Microsoft® Windows® Operating System
   FileDesc:   Version Checking and File Installation Libraries
   FileVer:    6.3.9600.17415
   ProdVer:    6.3.9600.17415

Module 42
C:\Windows\SYSTEM32\midimap.dll
Image Base: 0x71a30000  Image Size: 0x00008000
File Size:  18944       File Time:  2014-10-29_035824
Version:
   Company:    Microsoft Corporation
   Product:    Microsoft® Windows® Operating System
   FileDesc:   Microsoft MIDI Mapper
   FileVer:    6.3.9600.17415
   ProdVer:    6.3.9600.17415

Module 43
C:\Windows\SYSTEM32\shcore.dll
Image Base: 0x71c90000  Image Size: 0x0008b000
File Size:  560392      File Time:  2015-01-23_070234
Version:
   Company:    Microsoft Corporation
   Product:    Betriebssystem Microsoft® Windows®
   FileDesc:   SHCORE
   FileVer:    6.3.9600.17666
   ProdVer:    6.3.9600.17666

Module 44
C:\Windows\SYSTEM32\DEVOBJ.dll
Image Base: 0x71d20000  Image Size: 0x00021000
File Size:  127552      File Time:  2014-10-29_051842
Version:
   Company:    Microsoft Corporation
   Product:    Microsoft® Windows® Operating System
   FileDesc:   Device Information Set DLL
   FileVer:    6.3.9600.17415
   ProdVer:    6.3.9600.17415

Module 45
C:\Windows\SYSTEM32\HID.DLL
Image Base: 0x71df0000  Image Size: 0x0000a000
File Size:  26624       File Time:  2014-10-29_030540
Version:
   Company:    Microsoft Corporation
   Product:    Betriebssystem Microsoft® Windows®
   FileDesc:   HID-Benutzerbibliothek
   FileVer:    6.3.9600.17415
   ProdVer:    6.3.9600.17415

Module 46
C:\Windows\SYSTEM32\msacm32.drv
Image Base: 0x71e10000  Image Size: 0x00009000
File Size:  23040       File Time:  2014-10-29_035432
Version:
   Company:    Microsoft Corporation
   Product:    Betriebssystem Microsoft® Windows®
   FileDesc:   Microsoft Soundmapper
   FileVer:    6.3.9600.17415
   ProdVer:    6.3.9600.17415

Module 47
C:\Windows\SYSTEM32\bcrypt.dll
Image Base: 0x72b20000  Image Size: 0x0001e000
File Size:  111104      File Time:  2014-10-29_030548
Version:
   Company:    Microsoft Corporation
   Product:    Betriebssystem Microsoft® Windows®
   FileDesc:   Bibliothek mit kryptografischen Primitiven von Windows
   FileVer:    6.3.9600.17415
   ProdVer:    6.3.9600.17415

Module 48
C:\Windows\SYSTEM32\DNSAPI.dll
Image Base: 0x744a0000  Image Size: 0x0007e000
File Size:  498688      File Time:  2014-10-29_030628
Version:
   Company:    Microsoft Corporation
   Product:    Betriebssystem Microsoft® Windows®
   FileDesc:   DNS-Client-API-DLL
   FileVer:    6.3.9600.17415
   ProdVer:    6.3.9600.17415

Module 49
C:\Windows\SYSTEM32\WINNSI.DLL
Image Base: 0x74520000  Image Size: 0x00008000
File Size:  26304       File Time:  2014-10-29_050516
Version:
   Company:    Microsoft Corporation
   Product:    Microsoft® Windows® Operating System
   FileDesc:   Network Store Information RPC interface
   FileVer:    6.3.9600.17415
   ProdVer:    6.3.9600.17415

Module 50
C:\Windows\SYSTEM32\IPHLPAPI.DLL
Image Base: 0x74530000  Image Size: 0x00020000
File Size:  120864      File Time:  2014-10-29_050516
Version:
   Company:    Microsoft Corporation
   Product:    Betriebssystem Microsoft® Windows®
   FileDesc:   IP-Hilfs-API
   FileVer:    6.3.9600.17415
   ProdVer:    6.3.9600.17415

Module 51
C:\Windows\SYSTEM32\MSWSOCK.dll
Image Base: 0x74550000  Image Size: 0x0004b000
File Size:  286208      File Time:  2014-10-29_030618
Version:
   Company:    Microsoft Corporation
   Product:    Betriebssystem Microsoft® Windows®
   FileDesc:   Microsoft Windows Sockets 2.0-Dienstanbieter
   FileVer:    6.3.9600.17415
   ProdVer:    6.3.9600.17415

Module 52
C:\Windows\SYSTEM32\WINHTTP.dll
Image Base: 0x749a0000  Image Size: 0x0009f000
File Size:  631808      File Time:  2014-10-29_025622
Version:
   Company:    Microsoft Corporation
   Product:    Betriebssystem Microsoft® Windows®
   FileDesc:   Windows HTTP-Dienste
   FileVer:    6.3.9600.17415
   ProdVer:    6.3.9600.17415

Module 53
C:\Windows\SYSTEM32\kernel.appcore.dll
Image Base: 0x74a40000  Image Size: 0x00009000
File Size:  29920       File Time:  2014-10-29_051848
Version:
   Company:    Microsoft Corporation
   Product:    Microsoft® Windows® Operating System
   FileDesc:   AppModel API Host
   FileVer:    6.3.9600.17415
   ProdVer:    6.3.9600.17415

Module 54
C:\Windows\SYSTEM32\bcryptPrimitives.dll
Image Base: 0x74b00000  Image Size: 0x00054000
File Size:  340848      File Time:  2014-10-29_051538
Version:
   Company:    Microsoft Corporation
   Product:    Microsoft® Windows® Operating System
   FileDesc:   Windows Cryptographic Primitives Library
   FileVer:    6.3.9600.17415
   ProdVer:    6.3.9600.17415

Module 55
C:\Windows\SYSTEM32\CRYPTBASE.dll
Image Base: 0x74b60000  Image Size: 0x0000a000
File Size:  30984       File Time:  2014-10-29_050516
Version:
   Company:    Microsoft Corporation
   Product:    Microsoft® Windows® Operating System
   FileDesc:   Base cryptographic API DLL
   FileVer:    6.3.9600.17415
   ProdVer:    6.3.9600.17415

Module 56
C:\Windows\SYSTEM32\SspiCli.dll
Image Base: 0x74b70000  Image Size: 0x0001e000
File Size:  104960      File Time:  2014-10-29_030606
Version:
   Company:    Microsoft Corporation
   Product:    Microsoft® Windows® Operating System
   FileDesc:   Security Support Provider Interface
   FileVer:    6.3.9600.17415
   ProdVer:    6.3.9600.17415

Module 57
C:\Windows\SYSTEM32\clbcatq.dll
Image Base: 0x74b90000  Image Size: 0x0008d000
File Size:  569128      File Time:  2014-10-29_051002
Version:
   Company:    Microsoft Corporation
   Product:    Microsoft® Windows® Operating System
   FileDesc:   COM+ Configuration Catalog
   FileVer:    2001.12.10530.17415
   ProdVer:    6.3.9600.17415

Module 58
C:\Windows\SYSTEM32\NSI.dll
Image Base: 0x74c20000  Image Size: 0x00007000
File Size:  20120       File Time:  2014-10-29_050516
Version:
   Company:    Microsoft Corporation
   Product:    Microsoft® Windows® Operating System
   FileDesc:   NSI User-mode interface DLL
   FileVer:    6.3.9600.17415
   ProdVer:    6.3.9600.17415

Module 59
C:\Windows\SYSTEM32\WS2_32.dll
Image Base: 0x74c40000  Image Size: 0x00050000
File Size:  321248      File Time:  2014-10-29_050516
Version:
   Company:    Microsoft Corporation
   Product:    Betriebssystem Microsoft® Windows®
   FileDesc:   Windows Socket 2.0-32-Bit-DLL
   FileVer:    6.3.9600.17415
   ProdVer:    6.3.9600.17415

Module 60
C:\Windows\SYSTEM32\CRYPT32.dll
Image Base: 0x74c90000  Image Size: 0x00188000
File Size:  1612992     File Time:  2014-10-31_013858
Version:
   Company:    Microsoft Corporation
   Product:    Betriebssystem Microsoft® Windows®
   FileDesc:   Krypto-API32
   FileVer:    6.3.9600.17475
   ProdVer:    6.3.9600.17475

Module 61
C:\Windows\SYSTEM32\ADVAPI32.dll
Image Base: 0x74e20000  Image Size: 0x0007c000
File Size:  507152      File Time:  2014-10-29_050614
Version:
   Company:    Microsoft Corporation
   Product:    Betriebssystem Microsoft® Windows®
   FileDesc:   Erweiterte Windows 32 Base-API
   FileVer:    6.3.9600.17415
   ProdVer:    6.3.9600.17415

Module 62
C:\Windows\SYSTEM32\WINTRUST.dll
Image Base: 0x74ea0000  Image Size: 0x0003d000
File Size:  245296      File Time:  2014-10-29_051538
Version:
   Company:    Microsoft Corporation
   Product:    Microsoft® Windows® Operating System
   FileDesc:   Microsoft Trust Verification APIs
   FileVer:    6.3.9600.17415
   ProdVer:    6.3.9600.17415

Module 63
C:\Windows\SYSTEM32\IMM32.dll
Image Base: 0x74ee0000  Image Size: 0x00027000
File Size:  141312      File Time:  2014-10-29_035950
Version:
   Company:    Microsoft Corporation
   Product:    Microsoft® Windows® Operating System
   FileDesc:   Multi-User Windows IMM32 API Client DLL
   FileVer:    6.3.9600.17415
   ProdVer:    6.3.9600.17415

Module 64
C:\Windows\SYSTEM32\combase.dll
Image Base: 0x74f10000  Image Size: 0x0017d000
File Size:  1564464     File Time:  2014-10-29_051002
Version:
   Company:    Microsoft Corporation
   Product:    Betriebssystem Microsoft® Windows®
   FileDesc:   Microsoft COM für Windows
   FileVer:    6.3.9600.17415
   ProdVer:    6.3.9600.17415

Module 65
C:\Windows\SYSTEM32\SETUPAPI.dll
Image Base: 0x75090000  Image Size: 0x001b1000
File Size:  1782912     File Time:  2014-10-29_051848
Version:
   Company:    Microsoft Corporation
   Product:    Betriebssystem Microsoft® Windows®
   FileDesc:   Windows Setup-API
   FileVer:    6.3.9600.17415
   ProdVer:    6.3.9600.17415

Module 66
C:\Windows\SYSTEM32\cfgmgr32.dll
Image Base: 0x75250000  Image Size: 0x0003c000
File Size:  241168      File Time:  2014-10-29_051848
Version:
   Company:    Microsoft Corporation
   Product:    Microsoft® Windows® Operating System
   FileDesc:   Configuration Manager DLL
   FileVer:    6.3.9600.17415
   ProdVer:    6.3.9600.17415

Module 67
C:\Windows\SYSTEM32\OLEAUT32.dll
Image Base: 0x75320000  Image Size: 0x00095000
File Size:  602776      File Time:  2014-12-19_102530
Version:
   Company:    Microsoft Corporation
   Product:    
   FileDesc:   
   FileVer:    6.3.9600.17560
   ProdVer:    6.3.9600.17560

Module 68
C:\Windows\SYSTEM32\RPCRT4.dll
Image Base: 0x753c0000  Image Size: 0x000ba000
File Size:  747008      File Time:  2014-10-29_030756
Version:
   Company:    Microsoft Corporation
   Product:    Betriebssystem Microsoft® Windows®
   FileDesc:   Remoteprozeduraufruf-Laufzeitumgebung
   FileVer:    6.3.9600.17415
   ProdVer:    6.3.9600.17415

Module 69
C:\Windows\SYSTEM32\SHLWAPI.dll
Image Base: 0x75560000  Image Size: 0x00045000
File Size:  278352      File Time:  2014-10-29_051056
Version:
   Company:    Microsoft Corporation
   Product:    Betriebssystem Microsoft® Windows®
   FileDesc:   Shell Light-weight-Hilfsprogrammbibliothek
   FileVer:    6.3.9600.17415
   ProdVer:    6.3.9600.17415

Module 70
C:\Windows\SYSTEM32\KERNELBASE.dll
Image Base: 0x75650000  Image Size: 0x000d7000
File Size:  862720      File Time:  2014-10-29_040316
Version:
   Company:    Microsoft Corporation
   Product:    Betriebssystem Microsoft® Windows®
   FileDesc:   Client-DLL für Windows NT-Basis-API
   FileVer:    6.3.9600.17415
   ProdVer:    6.3.9600.17415

Module 71
C:\Windows\SYSTEM32\USER32.dll
Image Base: 0x75730000  Image Size: 0x00153000
File Size:  1376256     File Time:  2014-10-29_030436
Version:
   Company:    Microsoft Corporation
   Product:    Betriebssystem Microsoft® Windows®
   FileDesc:   Multi-User Windows USER API Client DLL
   FileVer:    6.3.9600.17415
   ProdVer:    6.3.9600.17415

Module 72
C:\Windows\SYSTEM32\sechost.dll
Image Base: 0x75890000  Image Size: 0x00041000
File Size:  257216      File Time:  2015-03-23_234506
Version:
   Company:    Microsoft Corporation
   Product:    Microsoft® Windows® Operating System
   FileDesc:   Host for SCM/SDDL/LSA Lookup APIs
   FileVer:    6.3.9600.17734
   ProdVer:    6.3.9600.17734

Module 73
C:\Windows\SYSTEM32\MSASN1.dll
Image Base: 0x758f0000  Image Size: 0x0000e000
File Size:  51608       File Time:  2014-10-29_051534
Version:
   Company:    Microsoft Corporation
   Product:    Microsoft® Windows® Operating System
   FileDesc:   ASN.1 Runtime APIs
   FileVer:    6.3.9600.17415
   ProdVer:    6.3.9600.17415

Module 74
C:\Windows\SYSTEM32\PSAPI.DLL
Image Base: 0x75900000  Image Size: 0x00006000
File Size:  16504       File Time:  2014-10-29_051844
Version:
   Company:    Microsoft Corporation
   Product:    Microsoft® Windows® Operating System
   FileDesc:   Process Status Helper
   FileVer:    6.3.9600.17415
   ProdVer:    6.3.9600.17415

Module 75
C:\Windows\SYSTEM32\SHELL32.dll
Image Base: 0x75910000  Image Size: 0x012ac000
File Size:  19731824    File Time:  2015-02-12_193408
Version:
   Company:    Microsoft Corporation
   Product:    Betriebssystem Microsoft® Windows®
   FileDesc:   Allgemeine Windows-Shell-DLL
   FileVer:    6.3.9600.17680
   ProdVer:    6.3.9600.17680

Module 76
C:\Windows\SYSTEM32\GDI32.dll
Image Base: 0x76bc0000  Image Size: 0x0010e000
File Size:  1096704     File Time:  2014-10-29_031020
Version:
   Company:    Microsoft Corporation
   Product:    Microsoft® Windows® Operating System
   FileDesc:   GDI Client DLL
   FileVer:    6.3.9600.17415
   ProdVer:    6.3.9600.17415

Module 77
C:\Windows\SYSTEM32\msvcrt.dll
Image Base: 0x76cd0000  Image Size: 0x000c3000
File Size:  800008      File Time:  2014-10-29_050630
Version:
   Company:    Microsoft Corporation
   Product:    Microsoft® Windows® Operating System
   FileDesc:   Windows NT CRT DLL
   FileVer:    7.0.9600.17415
   ProdVer:    6.1.8638.17415

Module 78
C:\Windows\SYSTEM32\KERNEL32.DLL
Image Base: 0x76da0000  Image Size: 0x00140000
File Size:  1040384     File Time:  2014-10-29_035824
Version:
   Company:    Microsoft Corporation
   Product:    Betriebssystem Microsoft® Windows®
   FileDesc:   Client-DLL für Windows NT-Basis-API
   FileVer:    6.3.9600.17415
   ProdVer:    6.3.9600.17415

Module 79
C:\Windows\SYSTEM32\MSCTF.dll
Image Base: 0x76ee0000  Image Size: 0x00112000
File Size:  1124352     File Time:  2015-03-14_101352
Version:
   Company:    Microsoft Corporation
   Product:    Betriebssystem Microsoft® Windows®
   FileDesc:   MSCTF-Server-DLL
   FileVer:    6.3.9600.17706
   ProdVer:    6.3.9600.17706

Module 80
C:\Windows\SYSTEM32\ole32.dll
Image Base: 0x77000000  Image Size: 0x00128000
File Size:  1209624     File Time:  2014-10-29_051002
Version:
   Company:    Microsoft Corporation
   Product:    Betriebssystem Microsoft® Windows®
   FileDesc:   Microsoft OLE für Windows
   FileVer:    6.3.9600.17415
   ProdVer:    6.3.9600.17415

Module 81
C:\Windows\SYSTEM32\ntdll.dll
Image Base: 0x77370000  Image Size: 0x0016e000
File Size:  1498872     File Time:  2015-03-23_235900
Version:
   Company:    Microsoft Corporation
   Product:    Betriebssystem Microsoft® Windows®
   FileDesc:   DLL für NT-Layer
   FileVer:    6.3.9600.17736
   ProdVer:    6.3.9600.17736


== [end of error.log] ==
